# JRE version: OpenJDK Runtime Environment (8.0_212-b04) (build 1.8.0_212-release-1586-b04)
# Java VM: OpenJDK 64-Bit Server VM (25.212-b04 mixed mode windows-amd64 compressed oops)
Heap:
 PSYoungGen      total 124416K, used 64597K [0x00000000e0000000, 0x00000000ed380000, 0x0000000100000000)
  eden space 112640K, 57% used [0x00000000e0000000,0x00000000e3f156d8,0x00000000e6e00000)
  from space 11776K, 0% used [0x00000000e6e00000,0x00000000e6e00000,0x00000000e7980000)
  to   space 12288K, 0% used [0x00000000ec780000,0x00000000ec780000,0x00000000ed380000)
 ParOldGen       total 131584K, used 16863K [0x00000000a0000000, 0x00000000a8080000, 0x00000000e0000000)
  object space 131584K, 12% used [0x00000000a0000000,0x00000000a1077c48,0x00000000a8080000)
 Metaspace       used 42666K, capacity 43746K, committed 43944K, reserved 1087488K
  class space    used 5755K, capacity 6049K, committed 6056K, reserved 1048576K
GC Heap History (10 events):
Event: 3.882 GC heap before
{Heap before GC invocations=5 (full 1):
 PSYoungGen      total 75776K, used 7849K [0x00000000e0000000, 0x00000000e9400000, 0x0000000100000000)
  eden space 65024K, 0% used [0x00000000e0000000,0x00000000e0000000,0x00000000e3f80000)
  from space 10752K, 73% used [0x00000000e4a00000,0x00000000e51aa5f8,0x00000000e5480000)
  to   space 10752K, 0% used [0x00000000e3f80000,0x00000000e3f80000,0x00000000e4a00000)
 ParOldGen       total 173568K, used 1137K [0x00000000a0000000, 0x00000000aa980000, 0x00000000e0000000)
  object space 173568K, 0% used [0x00000000a0000000,0x00000000a011c708,0x00000000aa980000)
 Metaspace       used 20602K, capacity 21106K, committed 21296K, reserved 1067008K
  class space    used 2973K, capacity 3129K, committed 3200K, reserved 1048576K
Event: 3.917 GC heap after
Heap after GC invocations=5 (full 1):
 PSYoungGen      total 75776K, used 0K [0x00000000e0000000, 0x00000000e9400000, 0x0000000100000000)
  eden space 65024K, 0% used [0x00000000e0000000,0x00000000e0000000,0x00000000e3f80000)
  from space 10752K, 0% used [0x00000000e4a00000,0x00000000e4a00000,0x00000000e5480000)
  to   space 10752K, 0% used [0x00000000e3f80000,0x00000000e3f80000,0x00000000e4a00000)
 ParOldGen       total 89088K, used 7696K [0x00000000a0000000, 0x00000000a5700000, 0x00000000e0000000)
  object space 89088K, 8% used [0x00000000a0000000,0x00000000a0784218,0x00000000a5700000)
 Metaspace       used 20602K, capacity 21106K, committed 21296K, reserved 1067008K
  class space    used 2973K, capacity 3129K, committed 3200K, reserved 1048576K
}
Event: 4.885 GC heap before
{Heap before GC invocations=6 (full 1):
 PSYoungGen      total 75776K, used 65024K [0x00000000e0000000, 0x00000000e9400000, 0x0000000100000000)
  eden space 65024K, 100% used [0x00000000e0000000,0x00000000e3f80000,0x00000000e3f80000)
  from space 10752K, 0% used [0x00000000e4a00000,0x00000000e4a00000,0x00000000e5480000)
  to   space 10752K, 0% used [0x00000000e3f80000,0x00000000e3f80000,0x00000000e4a00000)
 ParOldGen       total 89088K, used 7696K [0x00000000a0000000, 0x00000000a5700000, 0x00000000e0000000)
  object space 89088K, 8% used [0x00000000a0000000,0x00000000a0784218,0x00000000a5700000)
 Metaspace       used 28973K, capacity 29488K, committed 29696K, reserved 1075200K
  class space    used 3901K, capacity 4063K, committed 4096K, reserved 1048576K
Event: 4.892 GC heap after
Heap after GC invocations=6 (full 1):
 PSYoungGen      total 75776K, used 8020K [0x00000000e0000000, 0x00000000e8680000, 0x0000000100000000)
  eden space 65024K, 0% used [0x00000000e0000000,0x00000000e0000000,0x00000000e3f80000)
  from space 10752K, 74% used [0x00000000e3f80000,0x00000000e4755128,0x00000000e4a00000)
  to   space 12288K, 0% used [0x00000000e7a80000,0x00000000e7a80000,0x00000000e8680000)
 ParOldGen       total 89088K, used 7704K [0x00000000a0000000, 0x00000000a5700000, 0x00000000e0000000)
  object space 89088K, 8% used [0x00000000a0000000,0x00000000a0786218,0x00000000a5700000)
 Metaspace       used 28973K, capacity 29488K, committed 29696K, reserved 1075200K
  class space    used 3901K, capacity 4063K, committed 4096K, reserved 1048576K
}
Event: 5.474 GC heap before
{Heap before GC invocations=7 (full 1):
 PSYoungGen      total 75776K, used 73044K [0x00000000e0000000, 0x00000000e8680000, 0x0000000100000000)
  eden space 65024K, 100% used [0x00000000e0000000,0x00000000e3f80000,0x00000000e3f80000)
  from space 10752K, 74% used [0x00000000e3f80000,0x00000000e4755128,0x00000000e4a00000)
  to   space 12288K, 0% used [0x00000000e7a80000,0x00000000e7a80000,0x00000000e8680000)
 ParOldGen       total 89088K, used 7704K [0x00000000a0000000, 0x00000000a5700000, 0x00000000e0000000)
  object space 89088K, 8% used [0x00000000a0000000,0x00000000a0786218,0x00000000a5700000)
 Metaspace       used 31930K, capacity 32468K, committed 32768K, reserved 1077248K
  class space    used 4378K, capacity 4587K, committed 4608K, reserved 1048576K
Event: 5.487 GC heap after
Heap after GC invocations=7 (full 1):
 PSYoungGen      total 123392K, used 8286K [0x00000000e0000000, 0x00000000e8500000, 0x0000000100000000)
  eden space 112640K, 0% used [0x00000000e0000000,0x00000000e0000000,0x00000000e6e00000)
  from space 10752K, 77% used [0x00000000e7a80000,0x00000000e8297970,0x00000000e8500000)
  to   space 11776K, 0% used [0x00000000e6e00000,0x00000000e6e00000,0x00000000e7980000)
 ParOldGen       total 89088K, used 7712K [0x00000000a0000000, 0x00000000a5700000, 0x00000000e0000000)
  object space 89088K, 8% used [0x00000000a0000000,0x00000000a0788218,0x00000000a5700000)
 Metaspace       used 31930K, capacity 32468K, committed 32768K, reserved 1077248K
  class space    used 4378K, capacity 4587K, committed 4608K, reserved 1048576K
}
Event: 6.501 GC heap before
{Heap before GC invocations=8 (full 1):
 PSYoungGen      total 123392K, used 70957K [0x00000000e0000000, 0x00000000e8500000, 0x0000000100000000)
  eden space 112640K, 55% used [0x00000000e0000000,0x00000000e3d33be8,0x00000000e6e00000)
  from space 10752K, 77% used [0x00000000e7a80000,0x00000000e8297970,0x00000000e8500000)
  to   space 11776K, 0% used [0x00000000e6e00000,0x00000000e6e00000,0x00000000e7980000)
 ParOldGen       total 89088K, used 7712K [0x00000000a0000000, 0x00000000a5700000, 0x00000000e0000000)
  object space 89088K, 8% used [0x00000000a0000000,0x00000000a0788218,0x00000000a5700000)
 Metaspace       used 34637K, capacity 35418K, committed 35496K, reserved 1079296K
  class space    used 4760K, capacity 4994K, committed 5032K, reserved 1048576K
Event: 6.514 GC heap after
Heap after GC invocations=8 (full 1):
 PSYoungGen      total 124416K, used 10078K [0x00000000e0000000, 0x00000000ed380000, 0x0000000100000000)
  eden space 112640K, 0% used [0x00000000e0000000,0x00000000e0000000,0x00000000e6e00000)
  from space 11776K, 85% used [0x00000000e6e00000,0x00000000e77d7a00,0x00000000e7980000)
  to   space 12288K, 0% used [0x00000000ec780000,0x00000000ec780000,0x00000000ed380000)
 ParOldGen       total 89088K, used 7720K [0x00000000a0000000, 0x00000000a5700000, 0x00000000e0000000)
  object space 89088K, 8% used [0x00000000a0000000,0x00000000a078a218,0x00000000a5700000)
 Metaspace       used 34637K, capacity 35418K, committed 35496K, reserved 1079296K
  class space    used 4760K, capacity 4994K, committed 5032K, reserved 1048576K
}
Event: 6.514 GC heap before
{Heap before GC invocations=9 (full 2):
 PSYoungGen      total 124416K, used 10078K [0x00000000e0000000, 0x00000000ed380000, 0x0000000100000000)
  eden space 112640K, 0% used [0x00000000e0000000,0x00000000e0000000,0x00000000e6e00000)
  from space 11776K, 85% used [0x00000000e6e00000,0x00000000e77d7a00,0x00000000e7980000)
  to   space 12288K, 0% used [0x00000000ec780000,0x00000000ec780000,0x00000000ed380000)
 ParOldGen       total 89088K, used 7720K [0x00000000a0000000, 0x00000000a5700000, 0x00000000e0000000)
  object space 89088K, 8% used [0x00000000a0000000,0x00000000a078a218,0x00000000a5700000)
 Metaspace       used 34637K, capacity 35418K, committed 35496K, reserved 1079296K
  class space    used 4760K, capacity 4994K, committed 5032K, reserved 1048576K
Event: 6.572 GC heap after
Heap after GC invocations=9 (full 2):
 PSYoungGen      total 124416K, used 0K [0x00000000e0000000, 0x00000000ed380000, 0x0000000100000000)
  eden space 112640K, 0% used [0x00000000e0000000,0x00000000e0000000,0x00000000e6e00000)
  from space 11776K, 0% used [0x00000000e6e00000,0x00000000e6e00000,0x00000000e7980000)
  to   space 12288K, 0% used [0x00000000ec780000,0x00000000ec780000,0x00000000ed380000)
 ParOldGen       total 131584K, used 16863K [0x00000000a0000000, 0x00000000a8080000, 0x00000000e0000000)
  object space 131584K, 12% used [0x00000000a0000000,0x00000000a1077c48,0x00000000a8080000)
 Metaspace       used 34625K, capacity 35376K, committed 35496K, reserved 1079296K
  class space    used 4756K, capacity 4987K, committed 5032K, reserved 1048576K
}

