# JRE version: OpenJDK Runtime Environment (8.0_212-b04) (build 1.8.0_212-release-1586-b04)
# Java VM: OpenJDK 64-Bit Server VM (25.212-b04 mixed mode windows-amd64 compressed oops)
Heap:
 PSYoungGen      total 274944K, used 274927K [0x00000000e0000000, 0x00000000f6f80000, 0x0000000100000000)
  eden space 246784K, 100% used [0x00000000e0000000,0x00000000ef100000,0x00000000ef100000)
  from space 28160K, 99% used [0x00000000ef100000,0x00000000f0c7be80,0x00000000f0c80000)
  to   space 38400K, 0% used [0x00000000f4a00000,0x00000000f4a28000,0x00000000f6f80000)
 ParOldGen       total 201216K, used 66393K [0x00000000a0000000, 0x00000000ac480000, 0x00000000e0000000)
  object space 201216K, 33% used [0x00000000a0000000,0x00000000a40da660,0x00000000ac480000)
 Metaspace       used 90353K, capacity 96264K, committed 96424K, reserved 1132544K
  class space    used 12330K, capacity 13456K, committed 13480K, reserved 1048576K
GC Heap History (10 events):
Event: 9.124 GC heap after
Heap after GC invocations=12 (full 2):
 PSYoungGen      total 226816K, used 16393K [0x00000000e0000000, 0x00000000f1a00000, 0x0000000100000000)
  eden space 207360K, 0% used [0x00000000e0000000,0x00000000e0000000,0x00000000eca80000)
  from space 19456K, 84% used [0x00000000edf00000,0x00000000eef026d0,0x00000000ef200000)
  to   space 20992K, 0% used [0x00000000eca80000,0x00000000eca80000,0x00000000edf00000)
 ParOldGen       total 141312K, used 27721K [0x00000000a0000000, 0x00000000a8a00000, 0x00000000e0000000)
  object space 141312K, 19% used [0x00000000a0000000,0x00000000a1b125c0,0x00000000a8a00000)
 Metaspace       used 57124K, capacity 59122K, committed 59160K, reserved 1099776K
  class space    used 7944K, capacity 8360K, committed 8360K, reserved 1048576K
}
Event: 9.124 GC heap before
{Heap before GC invocations=13 (full 3):
 PSYoungGen      total 226816K, used 16393K [0x00000000e0000000, 0x00000000f1a00000, 0x0000000100000000)
  eden space 207360K, 0% used [0x00000000e0000000,0x00000000e0000000,0x00000000eca80000)
  from space 19456K, 84% used [0x00000000edf00000,0x00000000eef026d0,0x00000000ef200000)
  to   space 20992K, 0% used [0x00000000eca80000,0x00000000eca80000,0x00000000edf00000)
 ParOldGen       total 141312K, used 27721K [0x00000000a0000000, 0x00000000a8a00000, 0x00000000e0000000)
  object space 141312K, 19% used [0x00000000a0000000,0x00000000a1b125c0,0x00000000a8a00000)
 Metaspace       used 57124K, capacity 59122K, committed 59160K, reserved 1099776K
  class space    used 7944K, capacity 8360K, committed 8360K, reserved 1048576K
Event: 9.365 GC heap after
Heap after GC invocations=13 (full 3):
 PSYoungGen      total 226816K, used 0K [0x00000000e0000000, 0x00000000f1a00000, 0x0000000100000000)
  eden space 207360K, 0% used [0x00000000e0000000,0x00000000e0000000,0x00000000eca80000)
  from space 19456K, 0% used [0x00000000edf00000,0x00000000edf00000,0x00000000ef200000)
  to   space 20992K, 0% used [0x00000000eca80000,0x00000000eca80000,0x00000000edf00000)
 ParOldGen       total 201216K, used 32890K [0x00000000a0000000, 0x00000000ac480000, 0x00000000e0000000)
  object space 201216K, 16% used [0x00000000a0000000,0x00000000a201e8c8,0x00000000ac480000)
 Metaspace       used 57096K, capacity 59026K, committed 59160K, reserved 1099776K
  class space    used 7936K, capacity 8344K, committed 8360K, reserved 1048576K
}
Event: 21.054 GC heap before
{Heap before GC invocations=14 (full 3):
 PSYoungGen      total 226816K, used 207360K [0x00000000e0000000, 0x00000000f1a00000, 0x0000000100000000)
  eden space 207360K, 100% used [0x00000000e0000000,0x00000000eca80000,0x00000000eca80000)
  from space 19456K, 0% used [0x00000000edf00000,0x00000000edf00000,0x00000000ef200000)
  to   space 20992K, 0% used [0x00000000eca80000,0x00000000eca80000,0x00000000edf00000)
 ParOldGen       total 201216K, used 32890K [0x00000000a0000000, 0x00000000ac480000, 0x00000000e0000000)
  object space 201216K, 16% used [0x00000000a0000000,0x00000000a201e8c8,0x00000000ac480000)
 Metaspace       used 68618K, capacity 72268K, committed 72360K, reserved 1112064K
  class space    used 9336K, capacity 10080K, committed 10152K, reserved 1048576K
Event: 21.076 GC heap after
Heap after GC invocations=14 (full 3):
 PSYoungGen      total 228352K, used 17496K [0x00000000e0000000, 0x00000000f2200000, 0x0000000100000000)
  eden space 207360K, 0% used [0x00000000e0000000,0x00000000e0000000,0x00000000eca80000)
  from space 20992K, 83% used [0x00000000eca80000,0x00000000edb96060,0x00000000edf00000)
  to   space 22016K, 0% used [0x00000000f0c80000,0x00000000f0c80000,0x00000000f2200000)
 ParOldGen       total 201216K, used 32898K [0x00000000a0000000, 0x00000000ac480000, 0x00000000e0000000)
  object space 201216K, 16% used [0x00000000a0000000,0x00000000a20208c8,0x00000000ac480000)
 Metaspace       used 68618K, capacity 72268K, committed 72360K, reserved 1112064K
  class space    used 9336K, capacity 10080K, committed 10152K, reserved 1048576K
}
Event: 23.993 GC heap before
{Heap before GC invocations=15 (full 3):
 PSYoungGen      total 228352K, used 224856K [0x00000000e0000000, 0x00000000f2200000, 0x0000000100000000)
  eden space 207360K, 100% used [0x00000000e0000000,0x00000000eca80000,0x00000000eca80000)
  from space 20992K, 83% used [0x00000000eca80000,0x00000000edb96060,0x00000000edf00000)
  to   space 22016K, 0% used [0x00000000f0c80000,0x00000000f0c80000,0x00000000f2200000)
 ParOldGen       total 201216K, used 32898K [0x00000000a0000000, 0x00000000ac480000, 0x00000000e0000000)
  object space 201216K, 16% used [0x00000000a0000000,0x00000000a20208c8,0x00000000ac480000)
 Metaspace       used 75555K, capacity 79452K, committed 79656K, reserved 1118208K
  class space    used 10178K, capacity 10982K, committed 11048K, reserved 1048576K
Event: 24.017 GC heap after
Heap after GC invocations=15 (full 3):
 PSYoungGen      total 268800K, used 22013K [0x00000000e0000000, 0x00000000f2980000, 0x0000000100000000)
  eden space 246784K, 0% used [0x00000000e0000000,0x00000000e0000000,0x00000000ef100000)
  from space 22016K, 99% used [0x00000000f0c80000,0x00000000f21ff510,0x00000000f2200000)
  to   space 28160K, 0% used [0x00000000ef100000,0x00000000ef100000,0x00000000f0c80000)
 ParOldGen       total 201216K, used 41595K [0x00000000a0000000, 0x00000000ac480000, 0x00000000e0000000)
  object space 201216K, 20% used [0x00000000a0000000,0x00000000a289efb8,0x00000000ac480000)
 Metaspace       used 75555K, capacity 79452K, committed 79656K, reserved 1118208K
  class space    used 10178K, capacity 10982K, committed 11048K, reserved 1048576K
}
Event: 25.954 GC heap before
{Heap before GC invocations=16 (full 3):
 PSYoungGen      total 268800K, used 268797K [0x00000000e0000000, 0x00000000f2980000, 0x0000000100000000)
  eden space 246784K, 100% used [0x00000000e0000000,0x00000000ef100000,0x00000000ef100000)
  from space 22016K, 99% used [0x00000000f0c80000,0x00000000f21ff510,0x00000000f2200000)
  to   space 28160K, 0% used [0x00000000ef100000,0x00000000ef100000,0x00000000f0c80000)
 ParOldGen       total 201216K, used 41595K [0x00000000a0000000, 0x00000000ac480000, 0x00000000e0000000)
  object space 201216K, 20% used [0x00000000a0000000,0x00000000a289efb8,0x00000000ac480000)
 Metaspace       used 89962K, capacity 95794K, committed 95912K, reserved 1132544K
  class space    used 12283K, capacity 13397K, committed 13480K, reserved 1048576K
Event: 26.003 GC heap after
Heap after GC invocations=16 (full 3):
 PSYoungGen      total 274944K, used 28143K [0x00000000e0000000, 0x00000000f6f80000, 0x0000000100000000)
  eden space 246784K, 0% used [0x00000000e0000000,0x00000000e0000000,0x00000000ef100000)
  from space 28160K, 99% used [0x00000000ef100000,0x00000000f0c7be80,0x00000000f0c80000)
  to   space 38400K, 0% used [0x00000000f4a00000,0x00000000f4a00000,0x00000000f6f80000)
 ParOldGen       total 201216K, used 59300K [0x00000000a0000000, 0x00000000ac480000, 0x00000000e0000000)
  object space 201216K, 29% used [0x00000000a0000000,0x00000000a39e91c0,0x00000000ac480000)
 Metaspace       used 89962K, capacity 95794K, committed 95912K, reserved 1132544K
  class space    used 12283K, capacity 13397K, committed 13480K, reserved 1048576K
}
Event: 26.835 GC heap before
{Heap before GC invocations=17 (full 3):
 PSYoungGen      total 274944K, used 274927K [0x00000000e0000000, 0x00000000f6f80000, 0x0000000100000000)
  eden space 246784K, 100% used [0x00000000e0000000,0x00000000ef100000,0x00000000ef100000)
  from space 28160K, 99% used [0x00000000ef100000,0x00000000f0c7be80,0x00000000f0c80000)
  to   space 38400K, 0% used [0x00000000f4a00000,0x00000000f4a00000,0x00000000f6f80000)
 ParOldGen       total 201216K, used 59300K [0x00000000a0000000, 0x00000000ac480000, 0x00000000e0000000)
  object space 201216K, 29% used [0x00000000a0000000,0x00000000a39e91c0,0x00000000ac480000)
 Metaspace       used 90353K, capacity 96264K, committed 96424K, reserved 1132544K
  class space    used 12330K, capacity 13456K, committed 13480K, reserved 1048576K

