# JRE version: OpenJDK Runtime Environment (8.0_212-b04) (build 1.8.0_212-release-1586-b04)
# Java VM: OpenJDK 64-Bit Server VM (25.212-b04 mixed mode windows-amd64 compressed oops)
Heap:
 PSYoungGen      total 421888K, used 160511K [0x00000000e0000000, 0x00000000fc380000, 0x0000000100000000)
  eden space 381440K, 39% used [0x00000000e0000000,0x00000000e9231620,0x00000000f7480000)
  from space 40448K, 26% used [0x00000000f7480000,0x00000000f7f0e8f8,0x00000000f9c00000)
  to   space 32768K, 0% used [0x00000000fa380000,0x00000000fa380000,0x00000000fc380000)
 ParOldGen       total 200192K, used 92168K [0x00000000a0000000, 0x00000000ac380000, 0x00000000e0000000)
  object space 200192K, 46% used [0x00000000a0000000,0x00000000a5a02308,0x00000000ac380000)
 Metaspace       used 92516K, capacity 97642K, committed 97752K, reserved 1134592K
  class space    used 12090K, capacity 12970K, committed 13016K, reserved 1048576K
GC Heap History (10 events):
Event: 28.150 GC heap before
{Heap before GC invocations=18 (full 3):
 PSYoungGen      total 343552K, used 319776K [0x00000000e0000000, 0x00000000f6f80000, 0x0000000100000000)
  eden space 315904K, 100% used [0x00000000e0000000,0x00000000f3480000,0x00000000f3480000)
  from space 27648K, 14% used [0x00000000f5480000,0x00000000f58480e0,0x00000000f6f80000)
  to   space 30208K, 0% used [0x00000000f3480000,0x00000000f3480000,0x00000000f5200000)
 ParOldGen       total 200192K, used 70878K [0x00000000a0000000, 0x00000000ac380000, 0x00000000e0000000)
  object space 200192K, 35% used [0x00000000a0000000,0x00000000a4537898,0x00000000ac380000)
 Metaspace       used 83833K, capacity 88150K, committed 88408K, reserved 1126400K
  class space    used 11276K, capacity 12052K, committed 12120K, reserved 1048576K
Event: 28.200 GC heap after
Heap after GC invocations=18 (full 3):
 PSYoungGen      total 346112K, used 30207K [0x00000000e0000000, 0x00000000fc700000, 0x0000000100000000)
  eden space 315904K, 0% used [0x00000000e0000000,0x00000000e0000000,0x00000000f3480000)
  from space 30208K, 99% used [0x00000000f3480000,0x00000000f51ffdf8,0x00000000f5200000)
  to   space 36352K, 0% used [0x00000000fa380000,0x00000000fa380000,0x00000000fc700000)
 ParOldGen       total 200192K, used 74586K [0x00000000a0000000, 0x00000000ac380000, 0x00000000e0000000)
  object space 200192K, 37% used [0x00000000a0000000,0x00000000a48d6b60,0x00000000ac380000)
 Metaspace       used 83833K, capacity 88150K, committed 88408K, reserved 1126400K
  class space    used 11276K, capacity 12052K, committed 12120K, reserved 1048576K
}
Event: 66.225 GC heap before
{Heap before GC invocations=19 (full 3):
 PSYoungGen      total 346112K, used 346111K [0x00000000e0000000, 0x00000000fc700000, 0x0000000100000000)
  eden space 315904K, 100% used [0x00000000e0000000,0x00000000f3480000,0x00000000f3480000)
  from space 30208K, 99% used [0x00000000f3480000,0x00000000f51ffdf8,0x00000000f5200000)
  to   space 36352K, 0% used [0x00000000fa380000,0x00000000fa380000,0x00000000fc700000)
 ParOldGen       total 200192K, used 74586K [0x00000000a0000000, 0x00000000ac380000, 0x00000000e0000000)
  object space 200192K, 37% used [0x00000000a0000000,0x00000000a48d6b60,0x00000000ac380000)
 Metaspace       used 91007K, capacity 95796K, committed 95832K, reserved 1132544K
  class space    used 11992K, capacity 12873K, committed 12888K, reserved 1048576K
Event: 66.265 GC heap after
Heap after GC invocations=19 (full 3):
 PSYoungGen      total 414208K, used 31708K [0x00000000e0000000, 0x00000000fc380000, 0x0000000100000000)
  eden space 381440K, 0% used [0x00000000e0000000,0x00000000e0000000,0x00000000f7480000)
  from space 32768K, 96% used [0x00000000fa380000,0x00000000fc277180,0x00000000fc380000)
  to   space 40448K, 0% used [0x00000000f7480000,0x00000000f7480000,0x00000000f9c00000)
 ParOldGen       total 200192K, used 76951K [0x00000000a0000000, 0x00000000ac380000, 0x00000000e0000000)
  object space 200192K, 38% used [0x00000000a0000000,0x00000000a4b25c50,0x00000000ac380000)
 Metaspace       used 91007K, capacity 95796K, committed 95832K, reserved 1132544K
  class space    used 11992K, capacity 12873K, committed 12888K, reserved 1048576K
}
Event: 173.232 GC heap before
{Heap before GC invocations=20 (full 3):
 PSYoungGen      total 414208K, used 413148K [0x00000000e0000000, 0x00000000fc380000, 0x0000000100000000)
  eden space 381440K, 100% used [0x00000000e0000000,0x00000000f7480000,0x00000000f7480000)
  from space 32768K, 96% used [0x00000000fa380000,0x00000000fc277180,0x00000000fc380000)
  to   space 40448K, 0% used [0x00000000f7480000,0x00000000f7480000,0x00000000f9c00000)
 ParOldGen       total 200192K, used 76951K [0x00000000a0000000, 0x00000000ac380000, 0x00000000e0000000)
  object space 200192K, 38% used [0x00000000a0000000,0x00000000a4b25c50,0x00000000ac380000)
 Metaspace       used 92378K, capacity 97458K, committed 97752K, reserved 1134592K
  class space    used 12082K, capacity 12964K, committed 13016K, reserved 1048576K
Event: 173.280 GC heap after
Heap after GC invocations=20 (full 3):
 PSYoungGen      total 421888K, used 33698K [0x00000000e0000000, 0x00000000fc380000, 0x0000000100000000)
  eden space 381440K, 0% used [0x00000000e0000000,0x00000000e0000000,0x00000000f7480000)
  from space 40448K, 83% used [0x00000000f7480000,0x00000000f9568bc8,0x00000000f9c00000)
  to   space 32768K, 0% used [0x00000000fa380000,0x00000000fa380000,0x00000000fc380000)
 ParOldGen       total 200192K, used 76959K [0x00000000a0000000, 0x00000000ac380000, 0x00000000e0000000)
  object space 200192K, 38% used [0x00000000a0000000,0x00000000a4b27c50,0x00000000ac380000)
 Metaspace       used 92378K, capacity 97458K, committed 97752K, reserved 1134592K
  class space    used 12082K, capacity 12964K, committed 13016K, reserved 1048576K
}
Event: 173.845 GC heap before
{Heap before GC invocations=21 (full 3):
 PSYoungGen      total 421888K, used 415138K [0x00000000e0000000, 0x00000000fc380000, 0x0000000100000000)
  eden space 381440K, 100% used [0x00000000e0000000,0x00000000f7480000,0x00000000f7480000)
  from space 40448K, 83% used [0x00000000f7480000,0x00000000f9568bc8,0x00000000f9c00000)
  to   space 32768K, 0% used [0x00000000fa380000,0x00000000fa380000,0x00000000fc380000)
 ParOldGen       total 200192K, used 76959K [0x00000000a0000000, 0x00000000ac380000, 0x00000000e0000000)
  object space 200192K, 38% used [0x00000000a0000000,0x00000000a4b27c50,0x00000000ac380000)
 Metaspace       used 92439K, capacity 97554K, committed 97752K, reserved 1134592K
  class space    used 12084K, capacity 12968K, committed 13016K, reserved 1048576K
Event: 173.885 GC heap after
Heap after GC invocations=21 (full 3):
 PSYoungGen      total 414208K, used 32762K [0x00000000e0000000, 0x00000000fc380000, 0x0000000100000000)
  eden space 381440K, 0% used [0x00000000e0000000,0x00000000e0000000,0x00000000f7480000)
  from space 32768K, 99% used [0x00000000fa380000,0x00000000fc37e888,0x00000000fc380000)
  to   space 40448K, 0% used [0x00000000f7480000,0x00000000f7480000,0x00000000f9c00000)
 ParOldGen       total 200192K, used 78193K [0x00000000a0000000, 0x00000000ac380000, 0x00000000e0000000)
  object space 200192K, 39% used [0x00000000a0000000,0x00000000a4c5c718,0x00000000ac380000)
 Metaspace       used 92439K, capacity 97554K, committed 97752K, reserved 1134592K
  class space    used 12084K, capacity 12968K, committed 13016K, reserved 1048576K
}
Event: 174.853 GC heap before
{Heap before GC invocations=22 (full 3):
 PSYoungGen      total 414208K, used 414202K [0x00000000e0000000, 0x00000000fc380000, 0x0000000100000000)
  eden space 381440K, 100% used [0x00000000e0000000,0x00000000f7480000,0x00000000f7480000)
  from space 32768K, 99% used [0x00000000fa380000,0x00000000fc37e888,0x00000000fc380000)
  to   space 40448K, 0% used [0x00000000f7480000,0x00000000f7480000,0x00000000f9c00000)
 ParOldGen       total 200192K, used 78193K [0x00000000a0000000, 0x00000000ac380000, 0x00000000e0000000)
  object space 200192K, 39% used [0x00000000a0000000,0x00000000a4c5c718,0x00000000ac380000)
 Metaspace       used 92486K, capacity 97572K, committed 97752K, reserved 1134592K
  class space    used 12086K, capacity 12969K, committed 13016K, reserved 1048576K
Event: 174.888 GC heap after
Heap after GC invocations=22 (full 3):
 PSYoungGen      total 421888K, used 10810K [0x00000000e0000000, 0x00000000fc380000, 0x0000000100000000)
  eden space 381440K, 0% used [0x00000000e0000000,0x00000000e0000000,0x00000000f7480000)
  from space 40448K, 26% used [0x00000000f7480000,0x00000000f7f0e8f8,0x00000000f9c00000)
  to   space 32768K, 0% used [0x00000000fa380000,0x00000000fa380000,0x00000000fc380000)
 ParOldGen       total 200192K, used 92168K [0x00000000a0000000, 0x00000000ac380000, 0x00000000e0000000)
  object space 200192K, 46% used [0x00000000a0000000,0x00000000a5a02308,0x00000000ac380000)
 Metaspace       used 92486K, capacity 97572K, committed 97752K, reserved 1134592K
  class space    used 12086K, capacity 12969K, committed 13016K, reserved 1048576K
}

