# JRE version: OpenJDK Runtime Environment (8.0_212-b04) (build 1.8.0_212-release-1586-b04)
# Java VM: OpenJDK 64-Bit Server VM (25.212-b04 mixed mode windows-amd64 compressed oops)
Heap:
 PSYoungGen      total 289792K, used 289791K [0x00000000e0000000, 0x00000000f8680000, 0x0000000100000000)
  eden space 265728K, 100% used [0x00000000e0000000,0x00000000f0380000,0x00000000f0380000)
  from space 24064K, 99% used [0x00000000f0380000,0x00000000f1affd58,0x00000000f1b00000)
  to   space 31744K, 70% used [0x00000000f6780000,0x00000000f7d5ac18,0x00000000f8680000)
 ParOldGen       total 178688K, used 65253K [0x00000000a0000000, 0x00000000aae80000, 0x00000000e0000000)
  object space 178688K, 36% used [0x00000000a0000000,0x00000000a3fb97e0,0x00000000aae80000)
 Metaspace       used 88624K, capacity 93788K, committed 93912K, reserved 1130496K
  class space    used 11952K, capacity 13047K, committed 13056K, reserved 1048576K
GC Heap History (10 events):
Event: 72.486 GC heap after
Heap after GC invocations=12 (full 3):
 PSYoungGen      total 224256K, used 0K [0x00000000e0000000, 0x00000000efa80000, 0x0000000100000000)
  eden space 207872K, 0% used [0x00000000e0000000,0x00000000e0000000,0x00000000ecb00000)
  from space 16384K, 0% used [0x00000000ecb00000,0x00000000ecb00000,0x00000000edb00000)
  to   space 19456K, 0% used [0x00000000ee780000,0x00000000ee780000,0x00000000efa80000)
 ParOldGen       total 178688K, used 31975K [0x00000000a0000000, 0x00000000aae80000, 0x00000000e0000000)
  object space 178688K, 17% used [0x00000000a0000000,0x00000000a1f39cc0,0x00000000aae80000)
 Metaspace       used 57162K, capacity 58764K, committed 59028K, reserved 1099776K
  class space    used 7425K, capacity 7835K, committed 7936K, reserved 1048576K
}
Event: 75.060 GC heap before
{Heap before GC invocations=13 (full 3):
 PSYoungGen      total 224256K, used 207872K [0x00000000e0000000, 0x00000000efa80000, 0x0000000100000000)
  eden space 207872K, 100% used [0x00000000e0000000,0x00000000ecb00000,0x00000000ecb00000)
  from space 16384K, 0% used [0x00000000ecb00000,0x00000000ecb00000,0x00000000edb00000)
  to   space 19456K, 0% used [0x00000000ee780000,0x00000000ee780000,0x00000000efa80000)
 ParOldGen       total 178688K, used 31975K [0x00000000a0000000, 0x00000000aae80000, 0x00000000e0000000)
  object space 178688K, 17% used [0x00000000a0000000,0x00000000a1f39cc0,0x00000000aae80000)
 Metaspace       used 66488K, capacity 69026K, committed 69336K, reserved 1110016K
  class space    used 8835K, capacity 9386K, committed 9472K, reserved 1048576K
Event: 75.082 GC heap after
Heap after GC invocations=13 (full 3):
 PSYoungGen      total 233984K, used 19449K [0x00000000e0000000, 0x00000000f2d80000, 0x0000000100000000)
  eden space 214528K, 0% used [0x00000000e0000000,0x00000000e0000000,0x00000000ed180000)
  from space 19456K, 99% used [0x00000000ee780000,0x00000000efa7e400,0x00000000efa80000)
  to   space 22528K, 0% used [0x00000000ed180000,0x00000000ed180000,0x00000000ee780000)
 ParOldGen       total 178688K, used 33711K [0x00000000a0000000, 0x00000000aae80000, 0x00000000e0000000)
  object space 178688K, 18% used [0x00000000a0000000,0x00000000a20ebfb8,0x00000000aae80000)
 Metaspace       used 66488K, capacity 69026K, committed 69336K, reserved 1110016K
  class space    used 8835K, capacity 9386K, committed 9472K, reserved 1048576K
}
Event: 78.798 GC heap before
{Heap before GC invocations=14 (full 3):
 PSYoungGen      total 233984K, used 233977K [0x00000000e0000000, 0x00000000f2d80000, 0x0000000100000000)
  eden space 214528K, 100% used [0x00000000e0000000,0x00000000ed180000,0x00000000ed180000)
  from space 19456K, 99% used [0x00000000ee780000,0x00000000efa7e400,0x00000000efa80000)
  to   space 22528K, 0% used [0x00000000ed180000,0x00000000ed180000,0x00000000ee780000)
 ParOldGen       total 178688K, used 33711K [0x00000000a0000000, 0x00000000aae80000, 0x00000000e0000000)
  object space 178688K, 18% used [0x00000000a0000000,0x00000000a20ebfb8,0x00000000aae80000)
 Metaspace       used 76285K, capacity 79054K, committed 79192K, reserved 1118208K
  class space    used 9989K, capacity 10608K, committed 10624K, reserved 1048576K
Event: 78.819 GC heap after
Heap after GC invocations=14 (full 3):
 PSYoungGen      total 237056K, used 19195K [0x00000000e0000000, 0x00000000f3300000, 0x0000000100000000)
  eden space 214528K, 0% used [0x00000000e0000000,0x00000000e0000000,0x00000000ed180000)
  from space 22528K, 85% used [0x00000000ed180000,0x00000000ee43ef40,0x00000000ee780000)
  to   space 24064K, 0% used [0x00000000f1b80000,0x00000000f1b80000,0x00000000f3300000)
 ParOldGen       total 178688K, used 44834K [0x00000000a0000000, 0x00000000aae80000, 0x00000000e0000000)
  object space 178688K, 25% used [0x00000000a0000000,0x00000000a2bc88e0,0x00000000aae80000)
 Metaspace       used 76285K, capacity 79054K, committed 79192K, reserved 1118208K
  class space    used 9989K, capacity 10608K, committed 10624K, reserved 1048576K
}
Event: 80.021 GC heap before
{Heap before GC invocations=15 (full 3):
 PSYoungGen      total 237056K, used 233723K [0x00000000e0000000, 0x00000000f3300000, 0x0000000100000000)
  eden space 214528K, 100% used [0x00000000e0000000,0x00000000ed180000,0x00000000ed180000)
  from space 22528K, 85% used [0x00000000ed180000,0x00000000ee43ef40,0x00000000ee780000)
  to   space 24064K, 0% used [0x00000000f1b80000,0x00000000f1b80000,0x00000000f3300000)
 ParOldGen       total 178688K, used 44834K [0x00000000a0000000, 0x00000000aae80000, 0x00000000e0000000)
  object space 178688K, 25% used [0x00000000a0000000,0x00000000a2bc88e0,0x00000000aae80000)
 Metaspace       used 78888K, capacity 82016K, committed 82264K, reserved 1120256K
  class space    used 10351K, capacity 11013K, committed 11136K, reserved 1048576K
Event: 80.039 GC heap after
Heap after GC invocations=15 (full 3):
 PSYoungGen      total 289280K, used 15682K [0x00000000e0000000, 0x00000000f3280000, 0x0000000100000000)
  eden space 265728K, 0% used [0x00000000e0000000,0x00000000e0000000,0x00000000f0380000)
  from space 23552K, 66% used [0x00000000f1b80000,0x00000000f2ad0a90,0x00000000f3280000)
  to   space 24064K, 0% used [0x00000000f0380000,0x00000000f0380000,0x00000000f1b00000)
 ParOldGen       total 178688K, used 44842K [0x00000000a0000000, 0x00000000aae80000, 0x00000000e0000000)
  object space 178688K, 25% used [0x00000000a0000000,0x00000000a2bca8e0,0x00000000aae80000)
 Metaspace       used 78888K, capacity 82016K, committed 82264K, reserved 1120256K
  class space    used 10351K, capacity 11013K, committed 11136K, reserved 1048576K
}
Event: 81.383 GC heap before
{Heap before GC invocations=16 (full 3):
 PSYoungGen      total 289280K, used 281410K [0x00000000e0000000, 0x00000000f3280000, 0x0000000100000000)
  eden space 265728K, 100% used [0x00000000e0000000,0x00000000f0380000,0x00000000f0380000)
  from space 23552K, 66% used [0x00000000f1b80000,0x00000000f2ad0a90,0x00000000f3280000)
  to   space 24064K, 0% used [0x00000000f0380000,0x00000000f0380000,0x00000000f1b00000)
 ParOldGen       total 178688K, used 44842K [0x00000000a0000000, 0x00000000aae80000, 0x00000000e0000000)
  object space 178688K, 25% used [0x00000000a0000000,0x00000000a2bca8e0,0x00000000aae80000)
 Metaspace       used 88251K, capacity 93332K, committed 93400K, reserved 1130496K
  class space    used 11895K, capacity 12989K, committed 13056K, reserved 1048576K
Event: 81.423 GC heap after
Heap after GC invocations=16 (full 3):
 PSYoungGen      total 289792K, used 24063K [0x00000000e0000000, 0x00000000f8680000, 0x0000000100000000)
  eden space 265728K, 0% used [0x00000000e0000000,0x00000000e0000000,0x00000000f0380000)
  from space 24064K, 99% used [0x00000000f0380000,0x00000000f1affd58,0x00000000f1b00000)
  to   space 31744K, 0% used [0x00000000f6780000,0x00000000f6780000,0x00000000f8680000)
 ParOldGen       total 178688K, used 56343K [0x00000000a0000000, 0x00000000aae80000, 0x00000000e0000000)
  object space 178688K, 31% used [0x00000000a0000000,0x00000000a3705c40,0x00000000aae80000)
 Metaspace       used 88251K, capacity 93332K, committed 93400K, reserved 1130496K
  class space    used 11895K, capacity 12989K, committed 13056K, reserved 1048576K
}
Event: 82.131 GC heap before
{Heap before GC invocations=17 (full 3):
 PSYoungGen      total 289792K, used 289791K [0x00000000e0000000, 0x00000000f8680000, 0x0000000100000000)
  eden space 265728K, 100% used [0x00000000e0000000,0x00000000f0380000,0x00000000f0380000)
  from space 24064K, 99% used [0x00000000f0380000,0x00000000f1affd58,0x00000000f1b00000)
  to   space 31744K, 0% used [0x00000000f6780000,0x00000000f6780000,0x00000000f8680000)
 ParOldGen       total 178688K, used 56343K [0x00000000a0000000, 0x00000000aae80000, 0x00000000e0000000)
  object space 178688K, 31% used [0x00000000a0000000,0x00000000a3705c40,0x00000000aae80000)
 Metaspace       used 88624K, capacity 93788K, committed 93912K, reserved 1130496K
  class space    used 11952K, capacity 13047K, committed 13056K, reserved 1048576K

