# JRE version: OpenJDK Runtime Environment (8.0_212-b04) (build 1.8.0_212-release-1586-b04)
# Java VM: OpenJDK 64-Bit Server VM (25.212-b04 mixed mode windows-amd64 compressed oops)
Heap:
 PSYoungGen      total 485376K, used 60639K [0x00000000e0000000, 0x0000000100000000, 0x0000000100000000)
  eden space 451584K, 7% used [0x00000000e0000000,0x00000000e212a558,0x00000000fb900000)
  from space 33792K, 78% used [0x00000000fb900000,0x00000000fd30d9b0,0x00000000fda00000)
  to   space 35840K, 0% used [0x00000000fdd00000,0x00000000fdd00000,0x0000000100000000)
 ParOldGen       total 179712K, used 44638K [0x00000000a0000000, 0x00000000aaf80000, 0x00000000e0000000)
  object space 179712K, 24% used [0x00000000a0000000,0x00000000a2b97978,0x00000000aaf80000)
 Metaspace       used 70294K, capacity 74294K, committed 74584K, reserved 1114112K
  class space    used 9722K, capacity 10513K, committed 10584K, reserved 1048576K
GC Heap History (10 events):
Event: 8.333 GC heap before
{Heap before GC invocations=10 (full 2):
 PSYoungGen      total 243712K, used 59304K [0x00000000e0000000, 0x00000000f8e80000, 0x0000000100000000)
  eden space 229376K, 19% used [0x00000000e0000000,0x00000000e2bed048,0x00000000ee000000)
  from space 14336K, 99% used [0x00000000ee000000,0x00000000eedfd1a8,0x00000000eee00000)
  to   space 22528K, 0% used [0x00000000f7880000,0x00000000f7880000,0x00000000f8e80000)
 ParOldGen       total 124416K, used 29207K [0x00000000a0000000, 0x00000000a7980000, 0x00000000e0000000)
  object space 124416K, 23% used [0x00000000a0000000,0x00000000a1c85e40,0x00000000a7980000)
 Metaspace       used 57088K, capacity 59088K, committed 59096K, reserved 1099776K
  class space    used 7922K, capacity 8400K, committed 8408K, reserved 1048576K
Event: 8.348 GC heap after
Heap after GC invocations=10 (full 2):
 PSYoungGen      total 384512K, used 17457K [0x00000000e0000000, 0x00000000f9000000, 0x0000000100000000)
  eden space 361984K, 0% used [0x00000000e0000000,0x00000000e0000000,0x00000000f6180000)
  from space 22528K, 77% used [0x00000000f7880000,0x00000000f898c4c0,0x00000000f8e80000)
  to   space 23552K, 0% used [0x00000000f6180000,0x00000000f6180000,0x00000000f7880000)
 ParOldGen       total 124416K, used 29215K [0x00000000a0000000, 0x00000000a7980000, 0x00000000e0000000)
  object space 124416K, 23% used [0x00000000a0000000,0x00000000a1c87e40,0x00000000a7980000)
 Metaspace       used 57088K, capacity 59088K, committed 59096K, reserved 1099776K
  class space    used 7922K, capacity 8400K, committed 8408K, reserved 1048576K
}
Event: 8.348 GC heap before
{Heap before GC invocations=11 (full 3):
 PSYoungGen      total 384512K, used 17457K [0x00000000e0000000, 0x00000000f9000000, 0x0000000100000000)
  eden space 361984K, 0% used [0x00000000e0000000,0x00000000e0000000,0x00000000f6180000)
  from space 22528K, 77% used [0x00000000f7880000,0x00000000f898c4c0,0x00000000f8e80000)
  to   space 23552K, 0% used [0x00000000f6180000,0x00000000f6180000,0x00000000f7880000)
 ParOldGen       total 124416K, used 29215K [0x00000000a0000000, 0x00000000a7980000, 0x00000000e0000000)
  object space 124416K, 23% used [0x00000000a0000000,0x00000000a1c87e40,0x00000000a7980000)
 Metaspace       used 57088K, capacity 59088K, committed 59096K, reserved 1099776K
  class space    used 7922K, capacity 8400K, committed 8408K, reserved 1048576K
Event: 8.567 GC heap after
Heap after GC invocations=11 (full 3):
 PSYoungGen      total 384512K, used 0K [0x00000000e0000000, 0x00000000f9000000, 0x0000000100000000)
  eden space 361984K, 0% used [0x00000000e0000000,0x00000000e0000000,0x00000000f6180000)
  from space 22528K, 0% used [0x00000000f7880000,0x00000000f7880000,0x00000000f8e80000)
  to   space 23552K, 0% used [0x00000000f6180000,0x00000000f6180000,0x00000000f7880000)
 ParOldGen       total 179712K, used 31274K [0x00000000a0000000, 0x00000000aaf80000, 0x00000000e0000000)
  object space 179712K, 17% used [0x00000000a0000000,0x00000000a1e8a9d0,0x00000000aaf80000)
 Metaspace       used 56939K, capacity 58726K, committed 59096K, reserved 1099776K
  class space    used 7873K, capacity 8313K, committed 8408K, reserved 1048576K
}
Event: 10.837 GC heap before
{Heap before GC invocations=12 (full 3):
 PSYoungGen      total 384512K, used 361984K [0x00000000e0000000, 0x00000000f9000000, 0x0000000100000000)
  eden space 361984K, 100% used [0x00000000e0000000,0x00000000f6180000,0x00000000f6180000)
  from space 22528K, 0% used [0x00000000f7880000,0x00000000f7880000,0x00000000f8e80000)
  to   space 23552K, 0% used [0x00000000f6180000,0x00000000f6180000,0x00000000f7880000)
 ParOldGen       total 179712K, used 31274K [0x00000000a0000000, 0x00000000aaf80000, 0x00000000e0000000)
  object space 179712K, 17% used [0x00000000a0000000,0x00000000a1e8a9d0,0x00000000aaf80000)
 Metaspace       used 68943K, capacity 72844K, committed 72920K, reserved 1112064K
  class space    used 9650K, capacity 10414K, committed 10456K, reserved 1048576K
Event: 10.880 GC heap after
Heap after GC invocations=12 (full 3):
 PSYoungGen      total 385536K, used 23526K [0x00000000e0000000, 0x00000000ffb00000, 0x0000000100000000)
  eden space 361984K, 0% used [0x00000000e0000000,0x00000000e0000000,0x00000000f6180000)
  from space 23552K, 99% used [0x00000000f6180000,0x00000000f7879a18,0x00000000f7880000)
  to   space 32256K, 0% used [0x00000000fdb80000,0x00000000fdb80000,0x00000000ffb00000)
 ParOldGen       total 179712K, used 44622K [0x00000000a0000000, 0x00000000aaf80000, 0x00000000e0000000)
  object space 179712K, 24% used [0x00000000a0000000,0x00000000a2b93978,0x00000000aaf80000)
 Metaspace       used 68943K, capacity 72844K, committed 72920K, reserved 1112064K
  class space    used 9650K, capacity 10414K, committed 10456K, reserved 1048576K
}
Event: 12.170 GC heap before
{Heap before GC invocations=13 (full 3):
 PSYoungGen      total 385536K, used 385510K [0x00000000e0000000, 0x00000000ffb00000, 0x0000000100000000)
  eden space 361984K, 100% used [0x00000000e0000000,0x00000000f6180000,0x00000000f6180000)
  from space 23552K, 99% used [0x00000000f6180000,0x00000000f7879a18,0x00000000f7880000)
  to   space 32256K, 0% used [0x00000000fdb80000,0x00000000fdb80000,0x00000000ffb00000)
 ParOldGen       total 179712K, used 44622K [0x00000000a0000000, 0x00000000aaf80000, 0x00000000e0000000)
  object space 179712K, 24% used [0x00000000a0000000,0x00000000a2b93978,0x00000000aaf80000)
 Metaspace       used 69890K, capacity 73850K, committed 74072K, reserved 1112064K
  class space    used 9705K, capacity 10471K, committed 10584K, reserved 1048576K
Event: 12.197 GC heap after
Heap after GC invocations=13 (full 3):
 PSYoungGen      total 483840K, used 24423K [0x00000000e0000000, 0x00000000ffb00000, 0x0000000100000000)
  eden space 451584K, 0% used [0x00000000e0000000,0x00000000e0000000,0x00000000fb900000)
  from space 32256K, 75% used [0x00000000fdb80000,0x00000000ff359d78,0x00000000ffb00000)
  to   space 33792K, 0% used [0x00000000fb900000,0x00000000fb900000,0x00000000fda00000)
 ParOldGen       total 179712K, used 44630K [0x00000000a0000000, 0x00000000aaf80000, 0x00000000e0000000)
  object space 179712K, 24% used [0x00000000a0000000,0x00000000a2b95978,0x00000000aaf80000)
 Metaspace       used 69890K, capacity 73850K, committed 74072K, reserved 1112064K
  class space    used 9705K, capacity 10471K, committed 10584K, reserved 1048576K
}
Event: 13.080 GC heap before
{Heap before GC invocations=14 (full 3):
 PSYoungGen      total 483840K, used 476007K [0x00000000e0000000, 0x00000000ffb00000, 0x0000000100000000)
  eden space 451584K, 100% used [0x00000000e0000000,0x00000000fb900000,0x00000000fb900000)
  from space 32256K, 75% used [0x00000000fdb80000,0x00000000ff359d78,0x00000000ffb00000)
  to   space 33792K, 0% used [0x00000000fb900000,0x00000000fb900000,0x00000000fda00000)
 ParOldGen       total 179712K, used 44630K [0x00000000a0000000, 0x00000000aaf80000, 0x00000000e0000000)
  object space 179712K, 24% used [0x00000000a0000000,0x00000000a2b95978,0x00000000aaf80000)
 Metaspace       used 70285K, capacity 74290K, committed 74584K, reserved 1114112K
  class space    used 9722K, capacity 10513K, committed 10584K, reserved 1048576K
Event: 13.108 GC heap after
Heap after GC invocations=14 (full 3):
 PSYoungGen      total 485376K, used 26678K [0x00000000e0000000, 0x0000000100000000, 0x0000000100000000)
  eden space 451584K, 0% used [0x00000000e0000000,0x00000000e0000000,0x00000000fb900000)
  from space 33792K, 78% used [0x00000000fb900000,0x00000000fd30d9b0,0x00000000fda00000)
  to   space 35840K, 0% used [0x00000000fdd00000,0x00000000fdd00000,0x0000000100000000)
 ParOldGen       total 179712K, used 44638K [0x00000000a0000000, 0x00000000aaf80000, 0x00000000e0000000)
  object space 179712K, 24% used [0x00000000a0000000,0x00000000a2b97978,0x00000000aaf80000)
 Metaspace       used 70285K, capacity 74290K, committed 74584K, reserved 1114112K
  class space    used 9722K, capacity 10513K, committed 10584K, reserved 1048576K
}

